<?xml version="1.0" encoding="UTF-8"?>
<!-- Generated by org.testng.reporters.JUnitReportReporter -->
<testsuite hostname="LAPTOP-46IJ4KUO" failures="0" tests="2" name="com.test.Multiple" time="6.600" errors="0" timestamp="2024-11-15T20:45:01 GMT" skipped="0">
  <testcase classname="com.test.Multiple" name="DropDown" time="1.432"/>
  <testcase classname="com.test.Multiple" name="AdvanceDropDown" time="5.168"/>
</testsuite> <!-- com.test.Multiple -->
