<?xml version="1.0" encoding="UTF-8"?>
<!-- Generated by org.testng.reporters.JUnitReportReporter -->
<testsuite hostname="LAPTOP-46IJ4KUO" failures="0" tests="2" name="com.test.StealElementexception" time="28.066" errors="0" timestamp="2024-11-15T20:45:01 GMT" skipped="0">
  <testcase classname="com.test.StealElementexception" name="Fashion" time="16.298"/>
  <testcase classname="com.test.StealElementexception" name="HomeEssential" time="11.768"/>
</testsuite> <!-- com.test.StealElementexception -->
