<?xml version="1.0" encoding="UTF-8"?>
<!-- Generated by org.testng.reporters.JUnitReportReporter -->
<testsuite hostname="LAPTOP-46IJ4KUO" failures="0" tests="2" name="com.test.Multiple" time="7.039" errors="0" timestamp="2024-11-15T20:34:29 GMT" skipped="0">
  <testcase classname="com.test.Multiple" name="DropDown" time="1.920"/>
  <testcase classname="com.test.Multiple" name="AdvanceDropDown" time="5.119"/>
</testsuite> <!-- com.test.Multiple -->
